Setting stack size to unlimited...
core file size          (blocks, -c) 0
data seg size           (kbytes, -d) unlimited
scheduling priority             (-e) 0
file size               (blocks, -f) unlimited
pending signals                 (-i) 2060498
max locked memory       (kbytes, -l) unlimited
max memory size         (kbytes, -m) 33554432
open files                      (-n) 65535
pipe size            (512 bytes, -p) 8
POSIX message queues     (bytes, -q) 819200
real-time priority              (-r) 0
stack size              (kbytes, -s) unlimited
cpu time               (seconds, -t) unlimited
max user processes              (-u) 4096
virtual memory          (kbytes, -v) unlimited
file locks                      (-x) unlimited

Running Job...!
===============================================================================
Compiling...
Running compiled binary...
resolution (n) = 128, number of frames (f) = 1
blocks (b) = 1, threads (t) = 1
CPU
Time taken: 1.545482 | Performance: 1.356956 mln_cubes/sec 
no error
no error

Part1&2
Time taken: 
Kernels: 9.197701 sec | Performance: 0.228008 mln_cubes/sec 
Memcpy:  0.061213 sec 
Extra:   0.000002 sec 
Total:   9.258917 sec
GPU memory usage: used = 1182.000000, free = 31319.125000 MB, total = 32501.125000 MB
no error
no error

Part3
Time taken: 
Kernels: 9.389191 sec | Performance: 0.223358 mln_cubes/sec 
Memcpy:  0.061203 sec 
Extra:   0.000000 sec 
Total:   9.450393 sec
GPU memory usage: used = 1182.000000, free = 31319.125000 MB, total = 32501.125000 MB

Part4
Time taken: 
Total: 9.258926 sec
GPU memory usage: used = 1950.000000, free = 30551.125000 MB, total = 32501.125000 MB
resolution (n) = 32, number of frames (f) = 64
blocks (b) = 1, threads (t) = 1
CPU
Time taken: 2.442689 | Performance: 0.858542 mln_cubes/sec 
no error
no error
no error
no error
no error
no error
no error
no error
no error
no error
no error
no error
no error
no error
no error
no error
no error
no error
no error
no error
no error
no error
no error
no error
no error
no error
no error
no error
no error
no error
no error
no error
no error
no error
no error
no error
no error
no error
no error
no error
no error
no error
no error
no error
no error
no error
no error
no error
no error
no error
no error
no error
no error
no error
no error
no error
no error
no error
no error
no error
no error
no error
no error
no error
no error
no error
no error
no error
no error
no error
no error
no error
no error
no error
no error
no error
no error
no error
no error
no error
no error
no error
no error
no error
no error
no error
no error
no error
no error
no error
no error
no error
no error
no error
no error
no error
no error
no error
no error
no error
no error
no error
no error
no error
no error
no error
no error
no error
no error
no error
no error
no error
no error
no error
no error
no error
no error
no error
no error
no error
no error
no error
no error
no error
no error
no error
no error
no error

Part1&2
Time taken: 
Kernels: 11.228199 sec | Performance: 0.186775 mln_cubes/sec 
Memcpy:  3.914165 sec 
Extra:   0.000005 sec 
Total:   15.142369 sec
GPU memory usage: used = 1182.000000, free = 31319.125000 MB, total = 32501.125000 MB
no error
no error

Part3
Time taken: 
Kernels: 11.444306 sec | Performance: 0.183249 mln_cubes/sec 
Memcpy:  0.061197 sec 
Extra:   0.000000 sec 
Total:   11.505503 sec
GPU memory usage: used = 1182.000000, free = 31319.125000 MB, total = 32501.125000 MB

Part4
Time taken: 
Total: 11.370125 sec
GPU memory usage: used = 438.000000, free = 32063.125000 MB, total = 32501.125000 MB
resolution (n) = 4, number of frames (f) = 32768
blocks (b) = 1, threads (t) = 1
CPU
Time taken: 4.536113 | Performance: 0.462324 mln_cubes/sec 
no error
no error
no error
no error
no error
no error
no error
no error
no error
no error
no error
no error
no error
no error
no error
no error
no error
no error
no error
no error
no error
no error
no error
no error
no error
no error
no error
no error
no error
no error
no error
no error
no error
no error
no error
no error
no error
no error
no error
no error
no error
no error
no error
no error
no error
no error
no error
no error
no error
no error
no error
no error
no error
no error
no error
no error
no error
no error
no error
no error
no error
no error
no error
no error
no error
no error
no error
no error
no error
no error
no error
no error
no error
no error
no error
no error
no error
no error
no error
no error
no error
no error
no error
no error
no error
no error
no error
no error
no error
no error
no error
no error
no error
no error
no error
no error
no error
no error
no error
no error
no error
no error
no error
no error
no error
no error
no error
no error
no error
no error
no error
no error
no error
no error
no error
no error
no error
no error
no error
no error
no error
no error
no error
no error
no error
no error
no error
no error
no error
no error
no error
no error
no error
no error
no error
no error
no error
no error
no error
no error
no error
no error
no error
no error
no error
no error
no error
no error
no error
no error
no error
no error
no error
no error
no error
no error
no error
no error
no error
no error
no error
no error
no error
no error
no error
no error
no error
no error
no error
no error
no error
no error
no error
no error
no error
no error
no error
no error
no error
no error
no error
no error
no error
no error
no error
no error
no error
no error
no error
no error
no error
no error
no error
no error
no error
no error
no error
no error
no error
no error
no error
no error
no error
no error
no error
no error
no error
no error
no error
no error
no error
no error
no error
no error
no error
no error
no error
no error
no error
no error
no error
no error
no error
no error
no error
no error
no error
no error
no error
no error
no error
no error
no error
no error
no error
no error
no error
no error
no error
no error
no error
no error
no error
no error
no error
no error
no error
no error
no error
no error
no error
no error
no error
no error
no error
no error
no error
no error
no error
no error
no error
no error
no error
no error
no error
no error
no error
no error
no error
no error
no error
no error
no error
no error
no error
no error
no error
no error
no error
no error
no error
no error
no error
no error
no error
no error
no error
no error
no error
no error
no error
no error
no error
no error
no error
no error
no error
no error
no error
no error
no error
no error
no error
no error
no error
no error
no error
no error
no error
no error
no error
no error
no error
no error
no error
no error
no error
no error
no error
no error
no error
no error
no error
no error
no error
no error
no error
no error
no error
no error
no error
no error
no error
no error
no error
no error
no error
no error
no error
no error
no error
no error
no error
no error
no error
no error
no error
no error
no error
no error
no error
no error
no error
no error
no error
no error
no error
no error
no error
no error
no error
no error
no error
no error
no error
no error
no error
no error
no error
no error
no error
no error
no error
no error
no error
no error
no error
no error
no error
no error
no error
no error
no error
no error
no error
no error
no error
no error
no error
no error
no error
no error
no error
no error
no error
no error
no error
no error
no error
no error
no error
no error
no error
no error
no error
no error
no error
no error
no error
no error
no error
no error
no error
no error
no error
no error
no error
no error
no error
no error
no error
no error
no error
no error
no error
no error
no error
no error
no error
no error
no error
no error
no error
no error
no error
no error
no error
no error
no error
no error
no error
no error
no error
no error
no error
no error
no error
no error
no error
no error
no error
no error
no error
no error
no error
no error
no error
no error
no error
no error
no error
no error
no error
no error
no error
no error
no error
no error
no error
no error
no error
no error
no error
no error
no error
no error
no error
no error
no error
no error
no error
no error
no error
no error
no error
no error
no error
no error
no error
no error
no error
no error
no error
no error
no error
no error
no error
no error
no error
no error
no error
no error
no error
no error
no error
no error
no error
no error
no error
no error
no error
no error
no error
no error
no error
no error
no error
no error
no error
no error
no error
no error
no error
no error
no error
no error
no error
no error
no error
no error
no error
no error
no error
no error
no error
no error
no error
no error
no error
no error
no error
no error
no error
no error
no error
no error
no error
no error
no error
no error
no error
no error
no error
no error
no error
no error
no error
no error
no error
no error
no error
no error
no error
no error
no error
no error
no error
no error
no error
no error
no error
no error
no error
no error
no error
no error
no error
no error
no error
no error
no error
no error
no error
no error
no error
no error
no error
no error
no error
no error
no error
no error
no error
no error
no error
no error
no error
no error
no error
no error
no error
no error
no error
no error
no error
no error
no error
no error
no error
no error
no error
no error
no error
no error
no error
no error
no error
no error
no error
no error
no error
no error
no error
no error
no error
no error
no error
no error
no error
no error
no error
no error
no error
no error
no error
no error
no error
no error
no error
no error
no error
no error
no error
no error
no error
no error
no error
no error
no error
no error
no error
no error
no error
no error
no error
no error
no error
no error
no error
no error
no error
no error
no error
no error
no error
no error
no error
no error
no error
no error
no error
no error
no error
no error
no error
no error
no error
no error
no error
no error
no error
no error
no error
no error
no error
no error
no error
no error
no error
no error
no error
no error
no error
no error
no error
no error
no error
no error
no error
no error
no error
no error
no error
no error
no error
no error
no error
no error
no error
no error
no error
no error
no error
no error
no error
no error
no error
no error
no error
no error
no error
no error
no error
no error
no error
no error
no error
no error
no error
no error
no error
no error
no error
no error
no error
no error
no error
no error
no error
no error
no error
no error
no error
no error
no error
no error
no error
no error
no error
no error
no error
no error
no error
no error
no error
no error
no error
no error
no error
no error
no error
no error
no error
no error
no error
no error
no error
no error
no error
no error
no error
no error
no error
no error
no error
no error
no error
no error
no error
no error
no error
no error
no error
no error
no error
no error
no error
no error
no error
no error
no error
no error
no error
no error
no error
no error
no error
no error
no error
no error
no error
no error
no error
no error
no error
no error
no error
no error
no error
no error
no error
no error
no error
no error
no error
no error
no error
no error
no error
no error
no error
no error
no error
no error
no error
no error
no error
no error
no error
no error
no error
no error
no error
no error
no error
no error
no error
no error
no error
no error
no error
no error
no error
no error
no error
no error
no error
no error
no error
no error
no error
no error
no error
no error
no error
no error
no error
no error
no error
no error
no error
no error
no error
no error
no error
no error
no error
no error
no error
no error
no error
no error
no error
no error
no error
no error
no error
no error
no error
no error
no error
no error
no error
no error
no error
no error
no error
no error
no error
no error
no error
no error
no error
no error
no error
no error
no error
no error
no error
no error
no error
no error
no error
no error
no error
no error
no error
no error
no error
no error
no error
no error
no error
no error
no error
no error
no error
no error
no error
no error
no error
no error
no error
no error
no error
no error
no error
no error
no error
no error
no error
no error
no error
no error
no error
no error
no error
no error
no error
no error
no error
no error
no error
no error
no error
no error
no error
no error
no error
no error
no error
no error
no error
no error
no error
no error
no error
no error
no error
no error
no error
no error
no error
no error
no error
no error
no error
no error
no error
no error
no error
no error
no error
no error
no error
no error
no error
no error
no error
no error
no error
no error
no error
no error
no error
no error
no error
no error
no error
no error
no error
no error
no error
no error
no error
no error
no error
no error
no error
no error
no error
no error
no error
no error
no error
no error
no error
no error
no error
no error
no error
no error
no error
no error
no error
no error
no error
no error
no error
no error
no error
no error
no error
no error
no error
no error
no error
no error
no error
no error
no error
no error
no error
no error
no error
no error
no error
no error
no error
no error
no error
no error
no error
no error
no error
no error
no error
no error
no error
no error
no error
no error
no error
no error
no error
no error
no error
no error
no error
no error
no error
no error
no error
no error
no error
no error
no error
no error
no error
no error
no error
no error
no error
no error
no error
no error
no error
no error
no error
no error
no error
no error
no error
no error
no error
no error
no error
no error
no error
no error
no error
no error
no error
no error
no error
no error
no error
no error
no error
no error
no error
no error
no error
no error
no error
no error
no error
no error
no error
no error
no error
no error
no error
no error
no error
no error
no error
no error
no error
no error
no error
no error
no error
no error
no error
no error
no error
no error
no error
no error
no error
no error
no error
no error
no error
no error
no error
no error
no error
no error
no error
no error
no error
no error
no error
no error
no error
no error
no error
no error
no error
no error
no error
no error
no error
no error
no error
no error
no error
no error
no error
no error
no error
no error
no error
no error
no error
no error
no error
no error
no error
no error
no error
no error
no error
no error
no error
no error
no error
no error
no error
no error
no error
no error
no error
no error
no error
no error
no error
no error
no error
no error
no error
no error
no error
no error
no error
no error
no error
no error
no error
no error
no error
no error
no error
no error
no error
no error
no error
no error
no error
no error
no error
no error
no error
no error
no error
no error
no error
no error
no error
no error
no error
no error
no error
no error
no error
no error
no error
no error
no error
no error
no error
no error
no error
no error
no error
no error
no error
no error
no error
no error
no error
no error
no error
no error
no error
no error
no error
no error
no error
no error
no error
no error
no error
no error
no error
no error
no error
no error
no error
no error
no error
no error
no error
no error
no error
no error
no error
no error
no error
no error
no error
no error
no error
no error
no error
no error
no error
no error
no error
no error
no error
no error
no error
no error
no error
no error
no error
no error
no error
no error
no error
no error
no error
no error
no error
no error
no error
no error
no error
no error
no error
no error
no error
no error
no error
no error
no error
no error
no error
no error
no error
no error
no error
no error
no error
no error
no error
no error
no error
no error
no error
no error
no error
no error
no error
no error
no error
no error
no error
no error
no error
no error
no error
no error
no error
no error
no error
no error
no error
no error
no error
no error
no error
no error
no error
no error
no error
no error
no error
no error
no error
no error
no error
no error
no error
no error
no error
no error
no error
no error
no error
no error
no error
no error
no error
no error
no error
no error
no error
no error
no error
no error
no error
no error
no error
no error
no error
no error
no error
no error
no error
no error
no error
no error
no error
no error
no error
no error
no error
no error
no error
no error
no error
no error
no error
no error
no error
no error
no error
no error
no error
no error
no error
no error
no error
no error
no error
no error
no error
no error
no error
no error
no error
no error
no error
no error
no error
no error
no error
no error
no error
no error
no error
no error
no error
no error
no error
no error
no error
no error
no error
no error
no error
no error
no error
no error
no error
no error
no error
no error
no error
no error
no error
no error
no error
no error
no error
no error
no error
no error
no error
no error
no error
no error
no error
no error
no error
no error
no error
no error
no error
no error
no error
no error
no error
no error
no error
no error
no error
no error
no error
no error
no error
no error
no error
no error
no error
no error
no error
no error
no error
no error
no error
no error
no error
no error
no error
no error
no error
no error
no error
no error
no error
no error
no error
no error
no error
no error
no error
no error
no error
no error
no error
no error
no error
no error
no error
no error
no error
no error
no error
no error
no error
no error
no error
no error
no error
no error
no error
no error
no error
no error
no error
no error
no error
no error
no error
no error
no error
no error
no error
no error
no error
no error
no error
no error
no error
no error
no error
no error
no error
no error
no error
no error
no error
no error
no error
no error
no error
no error
no error
no error
no error
no error
no error
no error
no error
no error
no error
no error
no error
no error
no error
no error
no error
no error
no error
no error
no error
no error
no error
no error
no error
no error
no error
no error
no error
no error
no error
no error
no error
no error
no error
no error
no error
no error
no error
no error
no error
no error
no error
no error
no error
no error
no error
no error
no error
no error
no error
no error
no error
no error
no error
no error
no error
no error
no error
no error
no error
no error
no error
no error
no error
no error
no error
no error
no error
no error
no error
no error
no error
no error
no error
no error
no error
no error
no error
no error
no error
no error
no error
no error
no error
no error
no error
no error
no error
no error
no error
no error
no error
no error
no error
no error
no error
no error
no error
no error
no error
no error
no error
no error
no error
no error
no error
no error
no error
no error
no error
no error
no error
no error
no error
no error
no error
no error
no error
no error
no error
no error
no error
no error
no error
no error
no error
no error
no error
no error
no error
no error
no error
no error
no error
no error
no error
no error
no error
no error
no error
no error
no error
no error
no error
no error
no error
no error
no error
no error
no error
no error
no error
no error
no error
no error
no error
no error
no error
no error
no error
no error
no error
no error
no error
no error
no error
no error
no error
no error
no error
no error
no error
no error
no error
no error
no error
no error
no error
no error
no error
no error
no error
no error
no error
no error
no error
no error
no error
no error
no error
no error
no error
no error
no error
no error
no error
no error
no error
no error
no error
no error
no error
no error
no error
no error
no error
no error
no error
no error
no error
no error
no error
no error
no error
no error
no error
no error
no error
no error
no error
no error
no error
no error
no error
no error
no error
no error
no error
no error
no error
no error
no error
no error
no error
no error
no error
no error
no error
no error
no error
no error
no error
no error
no error
no error
no error
no error
no error
no error
no error
no error
no error
no error
no error
no error
no error
no error
no error
no error
no error
no error
no error
no error
no error
no error
no error
no error
no error
no error
no error
no error
no error
no error
no error
no error
no error
no error
no error
no error
no error
no error
no error
no error
no error
no error
no error
no error
no error
no error
no error
no error
no error
no error
no error
no error
no error
no error
no error
no error
no error
no error
no error
no error
no error
no error
no error
no error
no error
no error
no error
no error
no error
no error
no error
no error
no error
no error
no error
no error
no error
no error
no error
no error
no error
no error
no error
no error
no error
no error
no error
no error
no error
no error
no error
no error
no error
no error
no error
no error
no error
no error
no error
no error
no error
no error
no error
no error
no error
no error
no error
no error
no error
no error
no error
no error
no error
no error
no error
no error
no error
no error
no error
no error
no error
no error
no error
no error
no error
no error
no error
no error
no error
no error
no error
no error
no error
no error
no error
no error
no error
no error
no error
no error
no error
no error
no error
no error
no error
no error
no error
no error
no error
no error
no error
no error
no error
no error
no error
no error
no error
no error
no error
no error
no error
no error
no error
no error
no error
no error
no error
no error
no error
no error
no error
no error
no error
no error
no error
no error
no error
no error
no error
no error
no error
no error
no error
no error
no error
no error
no error
no error
no error
no error
no error
no error
no error
no error
no error
no error
no error
no error
no error
no error
no error
no error
no error
no error
no error
no error
no error
no error
no error
no error
no error
no error
no error
no error
no error
no error
no error
no error
no error
no error
no error
no error
no error
no error
no error
no error
no error
no error
no error
no error
no error
no error
no error
no error
no error
no error
no error
no error
no error
no error
no error
no error
no error
no error
no error
no error
no error
no error
no error
no error
no error
no error
no error
no error
no error
no error
no error
no error
no error
no error
no error
no error
no error
no error
no error
no error
no error
no error
no error
no error
no error
no error
no error
no error
no error
no error
no error
no error
no error
no error
no error
no error
no error
no error
no error
no error
no error
no error
no error
no error
no error
no error
no error
no error
no error
no error
no error
no error
no error
no error
no error
no error
no error
no error
no error
no error
no error
no error
no error
no error
no error
no error
no error
no error
no error
no error
no error
no error
no error
no error
no error
no error
no error
no error
no error
no error
no error
no error
no error
no error
no error
no error
no error
no error
no error
no error
no error
no error
no error
no error
no error
no error
no error
no error
no error
no error
no error
no error
no error
no error
no error
no error
no error
no error
no error
no error
no error
no error
no error
no error
no error
no error
no error
no error
no error
no error
no error
no error
no error
no error
no error
no error
no error
no error
no error
no error
no error
no error
no error
no error
no error
no error
no error
no error
no error
no error
no error
no error
no error
no error
no error
no error
no error
no error
no error
no error
no error
no error
no error
no error
no error
no error
no error
no error
no error
no error
no error
no error
no error
no error
no error
no error
no error
no error
no error
no error
no error
no error
no error
no error
no error
no error
no error
no error
no error
no error
no error
no error
no error
no error
no error
no error
no error
no error
no error
no error
no error
no error
no error
no error
no error
no error
no error
no error
no error
no error
no error
no error
no error
no error
no error
no error
no error
no error
no error
no error
no error
no error
no error
no error
no error
no error
no error
no error
no error
no e